<?xml version="1.0" encoding="UTF-8"?>
<testsuite xmlns:xsi="http://www.w3.org/2001/XMLSchema-instance" xsi:noNamespaceSchemaLocation="https://maven.apache.org/surefire/maven-surefire-plugin/xsd/surefire-test-report-3.0.xsd" version="3.0" name="com.ares.selenium.tests.RateLimitTest" time="22.924" tests="5" errors="0" skipped="0" failures="0">
  <properties>
[...]
</properties>
  <testcase name="test1_RapidApiRequests" classname="com.ares.selenium.tests.RateLimitTest" time="1.816">
    <system-out><![CDATA[📂 Loading selector cache from: healing-cache.json
🚀 SelfHealingDriver initialized with chrome

=================================================================
  SCENARIO 5: Rate Limit Simulation
  Tests rapid login attempts → LOCKED
=================================================================

   Setting up rate limit test user...
✅ Test user ready: ratetest@ares.com

--- Test 1: Rapid API Requests ---
   Simulating bot: 5 rapid requests
   No delay between attempts!

   Request #1 → ERROR       
   Request #2 → ERROR       
   Request #3 → ERROR       
   Request #4 → ERROR       
   Request #5 → CHALLENGED   ← Final state

   Last response: {"token":null,"status":"CHALLENGED","message":"⚠️ Suspicious activity. Attempt 5/10. Verification required.","userId":"69a1c662ca821877dc3d6ea3"}
   Rate limiting detected attempts ✅
]]></system-out>
    <system-err><![CDATA[[main] INFO io.github.bonigarcia.wdm.WebDriverManager - Using chromedriver 145.0.7632.117 (resolved driver for Chrome 145)
[main] INFO io.github.bonigarcia.wdm.WebDriverManager - Exporting webdriver.chrome.driver as C:\Users\HP\.cache\selenium\chromedriver\win64\145.0.7632.117\chromedriver.exe
Feb 27, 2026 7:29:22 PM org.openqa.selenium.devtools.CdpVersionFinder findNearestMatch
WARNING: Unable to find CDP implementation matching 145
Feb 27, 2026 7:29:22 PM org.openqa.selenium.chromium.ChromiumDriver lambda$new$5
WARNING: Unable to find version of CDP to use for 145.0.7632.117. You may need to include a dependency on a specific version of the CDP using something similar to `org.seleniumhq.selenium:selenium-devtools-v86:4.18.1` where the version ("v86") matches the version of the chromium-based browser you're using and the version number of the artifact is the same as Selenium's.
]]></system-err>
  </testcase>
  <testcase name="test2_UiRapidLogins" classname="com.ares.selenium.tests.RateLimitTest" time="6.898">
    <system-out><![CDATA[
--- Test 2: UI Rapid Login ---
   Selenium clicks login 5 times fast

🌐 Navigated to: http://localhost:3000
✅ Found: #email-input
⌨️  Typed 'ratetest@ares.com' into: email-input
✅ Found: #password-input
⌨️  Typed 'WRONG_UI_1' into: password-input
✅ Found: #login-button
🖱️  Clicked: login-button
   UI Attempt #1 → complete
🌐 Navigated to: http://localhost:3000
✅ Found: #email-input
⌨️  Typed 'ratetest@ares.com' into: email-input
✅ Found: #password-input
⌨️  Typed 'WRONG_UI_2' into: password-input
✅ Found: #login-button
🖱️  Clicked: login-button
   UI Attempt #2 → complete
🌐 Navigated to: http://localhost:3000
✅ Found: #email-input
⌨️  Typed 'ratetest@ares.com' into: email-input
✅ Found: #password-input
⌨️  Typed 'WRONG_UI_3' into: password-input
✅ Found: #login-button
🖱️  Clicked: login-button
   UI Attempt #3 → complete
🌐 Navigated to: http://localhost:3000
✅ Found: #email-input
⌨️  Typed 'ratetest@ares.com' into: email-input
✅ Found: #password-input
⌨️  Typed 'WRONG_UI_4' into: password-input
✅ Found: #login-button
🖱️  Clicked: login-button
   UI Attempt #4 → complete
🌐 Navigated to: http://localhost:3000
✅ Found: #email-input
⌨️  Typed 'ratetest@ares.com' into: email-input
✅ Found: #password-input
⌨️  Typed 'WRONG_UI_5' into: password-input
✅ Found: #login-button
🖱️  Clicked: login-button
   UI Attempt #5 → complete

   UI rate limit simulation done ✅
]]></system-out>
  </testcase>
  <testcase name="test3_AccountLockout" classname="com.ares.selenium.tests.RateLimitTest" time="4.643">
    <system-out><![CDATA[
--- Test 3: Account Lockout ---
   Sending 10 rapid wrong passwords...

   Attempt #1  → ERROR        ❌
   Attempt #2  → ERROR        ❌
   Attempt #3  → ERROR        ❌
   Attempt #4  → ERROR        ❌
   Attempt #5  → CHALLENGED   ⚠️
   Attempt #6  → CHALLENGED   ⚠️
   Attempt #7  → CHALLENGED   ⚠️
   Attempt #8  → CHALLENGED   ⚠️
   Attempt #9  → CHALLENGED   ⚠️
   Attempt #10 → LOCKED       🔒

   Final response: {"token":null,"status":"LOCKED","message":"\uD83D\uDD12 Account locked for 30 minutes after 10 failed attempts.","userId":"69a1c66bca821877dc3d6ea4"}

   Account locked: YES 🔒 ✅
]]></system-out>
  </testcase>
  <testcase name="test4_LockedAccountUi" classname="com.ares.selenium.tests.RateLimitTest" time="2.712">
    <system-out><![CDATA[
--- Test 4: Locked Account UI ---
   User is LOCKED — tries to login via UI
🌐 Navigated to: http://localhost:3000
✅ Found: #email-input
⌨️  Typed 'lockrate@ares.com' into: email-input
✅ Found: #password-input
⌨️  Typed 'lock123' into: password-input
✅ Found: #login-button
🖱️  Clicked: login-button
   📸 Screenshot saved!
   UI shows LOCKED status ✅
]]></system-out>
  </testcase>
  <testcase name="test5_RateLimitTriggersLlm" classname="com.ares.selenium.tests.RateLimitTest" time="5.5">
    <system-out><![CDATA[
--- Test 5: Rate Limit + LLM ---
   Scenario: Many attempts from new IP
   Expected: HIGH risk → Claude decides

   Built up 9 failed attempts...

   ┌─────────────────────────────┐
   │  FINAL LLM DECISION:        │
   │  Status:  CHALLENGED
   │  Message: ⚠️ Suspicious activity detected. Risk sc...
   └─────────────────────────────┘

   Rate limit + LLM integration: ✅
]]></system-out>
  </testcase>
</testsuite>